<?xml version="1.0" encoding="UTF-8"?>
<testsuite name="Automation Viaje Espacial Screenplay" tests="1" skipped="0" failures="0" errors="0" timestamp="2023-10-27T14:59:30" hostname="DESKTOP-1L570O5" time="14.813">
  <properties/>
  <testcase name="reserva viaje espacial" classname="Automation Viaje Espacial Screenplay" time="14.813"/>
  <system-out><![CDATA[]]></system-out>
  <system-err><![CDATA[oct 27, 2023 9:59:31 AM org.openqa.selenium.remote.DesiredCapabilities chrome
INFORMACIÓN: Using `new ChromeOptions()` is preferred to `DesiredCapabilities.chrome()`
[Test worker] INFO net.serenitybdd.core.webdriver.driverproviders.ProvideNewDriver - Instantiating driver
[Test worker] INFO net.serenitybdd.core.webdriver.driverproviders.ProvideNewDriver - Driver capabilities: Capabilities {acceptInsecureCerts: false, browserName: chrome, chrome.switches: --start-maximized,--enable-..., goog:chromeOptions: {args: [--start-maximized, --enable-automation, --no-sandbox, --disable-gpu-sandbox], extensions: []}, loggingPrefs: org.openqa.selenium.logging..., platform: ANY, version: }
Starting ChromeDriver 118.0.5993.70 (e52f33f30b91b4ddfad649acddc39ab570473b86-refs/branch-heads/5993@{#1216}) on port 21769
Only local connections are allowed.
Please see https://chromedriver.chromium.org/security-considerations for suggestions on keeping ChromeDriver safe.
ChromeDriver was started successfully.
oct 27, 2023 9:59:33 AM org.openqa.selenium.remote.ProtocolHandshake createSession
INFORMACIÓN: Detected dialect: W3C
[Test worker] INFO net.thucydides.core.steps.ConsoleLoggingListener - 
        __    _____ _____ ____ _____   ____   _    ____  ____  _____ ____  
  _     \ \  |_   _| ____/ ___|_   _| |  _ \ / \  / ___|/ ___|| ____|  _ \ 
 (_)_____| |   | | |  _| \___ \ | |   | |_) / _ \ \___ \\___ \|  _| | | | |
  _|_____| |   | | | |___ ___) || |   |  __/ ___ \ ___) |___) | |___| |_| |
 (_)     | |   |_| |_____|____/ |_|   |_| /_/   \_\____/|____/|_____|____/ 
        /_/                                                                

TEST PASSED: reserva viaje espacial
----------------------------------------------------------------------------
]]></system-err>
</testsuite>
